# JRE version: OpenJDK Runtime Environment (11.0.5+10) (build 11.0.5+10-b520.17)
# Java VM: OpenJDK 64-Bit Server VM (11.0.5+10-b520.17, mixed mode, sharing, tiered, compressed oops, g1 gc, windows-amd64)
Heap:
 garbage-first heap   total 129024K, used 34921K [0x0000000082e00000, 0x0000000100000000)
  region size 1024K, 13 young (13312K), 1 survivors (1024K)
 Metaspace       used 20249K, capacity 21255K, committed 21504K, reserved 1067008K
  class space    used 2641K, capacity 3050K, committed 3072K, reserved 1048576K
GC Heap History (6 events):
Event: 0.520 GC heap before
{Heap before GC invocations=0 (full 0):
 garbage-first heap   total 129024K, used 23552K [0x0000000082e00000, 0x0000000100000000)
  region size 1024K, 24 young (24576K), 0 survivors (0K)
 Metaspace       used 8204K, capacity 9572K, committed 9728K, reserved 1058816K
  class space    used 976K, capacity 1212K, committed 1280K, reserved 1048576K
}
Event: 0.523 GC heap after
{Heap after GC invocations=1 (full 0):
 garbage-first heap   total 129024K, used 3352K [0x0000000082e00000, 0x0000000100000000)
  region size 1024K, 3 young (3072K), 3 survivors (3072K)
 Metaspace       used 8204K, capacity 9572K, committed 9728K, reserved 1058816K
  class space    used 976K, capacity 1212K, committed 1280K, reserved 1048576K
}
Event: 5.185 GC heap before
{Heap before GC invocations=1 (full 0):
 garbage-first heap   total 129024K, used 91416K [0x0000000082e00000, 0x0000000100000000)
  region size 1024K, 75 young (76800K), 3 survivors (3072K)
 Metaspace       used 19831K, capacity 20734K, committed 20992K, reserved 1067008K
  class space    used 2637K, capacity 3049K, committed 3072K, reserved 1048576K
}
Event: 5.192 GC heap after
{Heap after GC invocations=2 (full 0):
 garbage-first heap   total 129024K, used 23416K [0x0000000082e00000, 0x0000000100000000)
  region size 1024K, 10 young (10240K), 10 survivors (10240K)
 Metaspace       used 19831K, capacity 20734K, committed 20992K, reserved 1067008K
  class space    used 2637K, capacity 3049K, committed 3072K, reserved 1048576K
}
Event: 5.941 GC heap before
{Heap before GC invocations=2 (full 0):
 garbage-first heap   total 129024K, used 46968K [0x0000000082e00000, 0x0000000100000000)
  region size 1024K, 34 young (34816K), 10 survivors (10240K)
 Metaspace       used 20238K, capacity 21255K, committed 21504K, reserved 1067008K
  class space    used 2641K, capacity 3050K, committed 3072K, reserved 1048576K
}
Event: 5.951 GC heap after
{Heap after GC invocations=3 (full 0):
 garbage-first heap   total 129024K, used 23657K [0x0000000082e00000, 0x0000000100000000)
  region size 1024K, 1 young (1024K), 1 survivors (1024K)
 Metaspace       used 20238K, capacity 21255K, committed 21504K, reserved 1067008K
  class space    used 2641K, capacity 3050K, committed 3072K, reserved 1048576K
}

