# JRE version: OpenJDK Runtime Environment (11.0.5+10) (build 11.0.5+10-b520.17)
# Java VM: OpenJDK 64-Bit Server VM (11.0.5+10-b520.17, mixed mode, sharing, tiered, compressed oops, g1 gc, windows-amd64)
Heap:
 garbage-first heap   total 129024K, used 116447K [0x0000000082e00000, 0x0000000100000000)
  region size 1024K, 71 young (72704K), 1 survivors (1024K)
 Metaspace       used 21484K, capacity 22514K, committed 22656K, reserved 1069056K
  class space    used 2731K, capacity 3131K, committed 3200K, reserved 1048576K
GC Heap History (20 events):
Event: 0.556 GC heap before
{Heap before GC invocations=0 (full 0):
 garbage-first heap   total 129024K, used 23552K [0x0000000082e00000, 0x0000000100000000)
  region size 1024K, 24 young (24576K), 0 survivors (0K)
 Metaspace       used 8033K, capacity 9556K, committed 9728K, reserved 1058816K
  class space    used 943K, capacity 1205K, committed 1280K, reserved 1048576K
}
Event: 0.560 GC heap after
{Heap after GC invocations=1 (full 0):
 garbage-first heap   total 129024K, used 3243K [0x0000000082e00000, 0x0000000100000000)
  region size 1024K, 3 young (3072K), 3 survivors (3072K)
 Metaspace       used 8033K, capacity 9556K, committed 9728K, reserved 1058816K
  class space    used 943K, capacity 1205K, committed 1280K, reserved 1048576K
}
Event: 6.808 GC heap before
{Heap before GC invocations=1 (full 0):
 garbage-first heap   total 129024K, used 88235K [0x0000000082e00000, 0x0000000100000000)
  region size 1024K, 75 young (76800K), 3 survivors (3072K)
 Metaspace       used 19554K, capacity 20450K, committed 20736K, reserved 1067008K
  class space    used 2579K, capacity 2975K, committed 3072K, reserved 1048576K
}
Event: 6.816 GC heap after
{Heap after GC invocations=2 (full 0):
 garbage-first heap   total 129024K, used 20478K [0x0000000082e00000, 0x0000000100000000)
  region size 1024K, 9 young (9216K), 9 survivors (9216K)
 Metaspace       used 19554K, capacity 20450K, committed 20736K, reserved 1067008K
  class space    used 2579K, capacity 2975K, committed 3072K, reserved 1048576K
}
Event: 7.135 GC heap before
{Heap before GC invocations=2 (full 0):
 garbage-first heap   total 129024K, used 43006K [0x0000000082e00000, 0x0000000100000000)
  region size 1024K, 28 young (28672K), 9 survivors (9216K)
 Metaspace       used 20308K, capacity 21221K, committed 21248K, reserved 1067008K
  class space    used 2670K, capacity 3058K, committed 3072K, reserved 1048576K
}
Event: 7.146 GC heap after
{Heap after GC invocations=3 (full 0):
 garbage-first heap   total 129024K, used 25867K [0x0000000082e00000, 0x0000000100000000)
  region size 1024K, 2 young (2048K), 2 survivors (2048K)
 Metaspace       used 20308K, capacity 21221K, committed 21248K, reserved 1067008K
  class space    used 2670K, capacity 3058K, committed 3072K, reserved 1048576K
}
Event: 8.928 GC heap before
{Heap before GC invocations=4 (full 0):
 garbage-first heap   total 129024K, used 76043K [0x0000000082e00000, 0x0000000100000000)
  region size 1024K, 53 young (54272K), 2 survivors (2048K)
 Metaspace       used 20551K, capacity 21542K, committed 21760K, reserved 1069056K
  class space    used 2671K, capacity 3058K, committed 3072K, reserved 1048576K
}
Event: 8.932 GC heap after
{Heap after GC invocations=5 (full 0):
 garbage-first heap   total 129024K, used 23269K [0x0000000082e00000, 0x0000000100000000)
  region size 1024K, 1 young (1024K), 1 survivors (1024K)
 Metaspace       used 20551K, capacity 21542K, committed 21760K, reserved 1069056K
  class space    used 2671K, capacity 3058K, committed 3072K, reserved 1048576K
}
Event: 10.399 GC heap before
{Heap before GC invocations=5 (full 0):
 garbage-first heap   total 129024K, used 82661K [0x0000000082e00000, 0x0000000100000000)
  region size 1024K, 59 young (60416K), 1 survivors (1024K)
 Metaspace       used 20634K, capacity 21575K, committed 21888K, reserved 1069056K
  class space    used 2688K, capacity 3090K, committed 3200K, reserved 1048576K
}
Event: 10.401 GC heap after
{Heap after GC invocations=6 (full 0):
 garbage-first heap   total 129024K, used 23255K [0x0000000082e00000, 0x0000000100000000)
  region size 1024K, 1 young (1024K), 1 survivors (1024K)
 Metaspace       used 20634K, capacity 21575K, committed 21888K, reserved 1069056K
  class space    used 2688K, capacity 3090K, committed 3200K, reserved 1048576K
}
Event: 12.119 GC heap before
{Heap before GC invocations=6 (full 0):
 garbage-first heap   total 129024K, used 85719K [0x0000000082e00000, 0x0000000100000000)
  region size 1024K, 62 young (63488K), 1 survivors (1024K)
 Metaspace       used 20707K, capacity 21640K, committed 21888K, reserved 1069056K
  class space    used 2688K, capacity 3090K, committed 3200K, reserved 1048576K
}
Event: 12.122 GC heap after
{Heap after GC invocations=7 (full 0):
 garbage-first heap   total 129024K, used 23203K [0x0000000082e00000, 0x0000000100000000)
  region size 1024K, 1 young (1024K), 1 survivors (1024K)
 Metaspace       used 20707K, capacity 21640K, committed 21888K, reserved 1069056K
  class space    used 2688K, capacity 3090K, committed 3200K, reserved 1048576K
}
Event: 14.032 GC heap before
{Heap before GC invocations=7 (full 0):
 garbage-first heap   total 129024K, used 88739K [0x0000000082e00000, 0x0000000100000000)
  region size 1024K, 65 young (66560K), 1 survivors (1024K)
 Metaspace       used 20730K, capacity 21640K, committed 21888K, reserved 1069056K
  class space    used 2688K, capacity 3090K, committed 3200K, reserved 1048576K
}
Event: 14.034 GC heap after
{Heap after GC invocations=8 (full 0):
 garbage-first heap   total 129024K, used 23188K [0x0000000082e00000, 0x0000000100000000)
  region size 1024K, 1 young (1024K), 1 survivors (1024K)
 Metaspace       used 20730K, capacity 21640K, committed 21888K, reserved 1069056K
  class space    used 2688K, capacity 3090K, committed 3200K, reserved 1048576K
}
Event: 16.043 GC heap before
{Heap before GC invocations=8 (full 0):
 garbage-first heap   total 129024K, used 91796K [0x0000000082e00000, 0x0000000100000000)
  region size 1024K, 67 young (68608K), 1 survivors (1024K)
 Metaspace       used 20763K, capacity 21711K, committed 21888K, reserved 1069056K
  class space    used 2689K, capacity 3091K, committed 3200K, reserved 1048576K
}
Event: 16.047 GC heap after
{Heap after GC invocations=9 (full 0):
 garbage-first heap   total 129024K, used 24256K [0x0000000082e00000, 0x0000000100000000)
  region size 1024K, 1 young (1024K), 1 survivors (1024K)
 Metaspace       used 20763K, capacity 21711K, committed 21888K, reserved 1069056K
  class space    used 2689K, capacity 3091K, committed 3200K, reserved 1048576K
}
Event: 17.556 GC heap before
{Heap before GC invocations=9 (full 0):
 garbage-first heap   total 129024K, used 92864K [0x0000000082e00000, 0x0000000100000000)
  region size 1024K, 68 young (69632K), 1 survivors (1024K)
 Metaspace       used 20789K, capacity 21711K, committed 21888K, reserved 1069056K
  class space    used 2689K, capacity 3091K, committed 3200K, reserved 1048576K
}
Event: 17.561 GC heap after
{Heap after GC invocations=10 (full 0):
 garbage-first heap   total 129024K, used 24323K [0x0000000082e00000, 0x0000000100000000)
  region size 1024K, 1 young (1024K), 1 survivors (1024K)
 Metaspace       used 20789K, capacity 21711K, committed 21888K, reserved 1069056K
  class space    used 2689K, capacity 3091K, committed 3200K, reserved 1048576K
}
Event: 19.767 GC heap before
{Heap before GC invocations=10 (full 0):
 garbage-first heap   total 129024K, used 94979K [0x0000000082e00000, 0x0000000100000000)
  region size 1024K, 70 young (71680K), 1 survivors (1024K)
 Metaspace       used 20813K, capacity 21711K, committed 21888K, reserved 1069056K
  class space    used 2689K, capacity 3091K, committed 3200K, reserved 1048576K
}
Event: 19.769 GC heap after
{Heap after GC invocations=11 (full 0):
 garbage-first heap   total 129024K, used 24287K [0x0000000082e00000, 0x0000000100000000)
  region size 1024K, 1 young (1024K), 1 survivors (1024K)
 Metaspace       used 20813K, capacity 21711K, committed 21888K, reserved 1069056K
  class space    used 2689K, capacity 3091K, committed 3200K, reserved 1048576K
}

